{"numTotalTestSuites":6,"numPassedTestSuites":6,"numFailedTestSuites":0,"numPendingTestSuites":0,"numTotalTests":17,"numPassedTests":17,"numFailedTests":0,"numPendingTests":0,"numTodoTests":0,"snapshot":{"added":0,"failure":false,"filesAdded":0,"filesRemoved":0,"filesRemovedList":[],"filesUnmatched":0,"filesUpdated":0,"matched":0,"total":0,"unchecked":0,"uncheckedKeysByFile":[],"unmatched":0,"updated":0,"didUpdate":false},"startTime":1789469203450,"success":true,"testResults":[{"assertionResults":[{"ancestorTitles":["installing the package"],"fullName":"installing the package records what host the evidence came from","status":"passed","title":"records what host the evidence came from","duration":2.068813000000006,"failureMessages":[],"meta":{},"tags":[]},{"ancestorTitles":["installing the package"],"fullName":"installing the package installs with apt resolving its declared dependencies","status":"passed","title":"installs with apt resolving its declared dependencies","duration":336.65600900000004,"failureMessages":[],"meta":{},"tags":[]},{"ancestorTitles":["installing the package"],"fullName":"installing the package lays the whole tree down where the runtime looks for it","status":"passed","title":"lays the whole tree down where the runtime looks for it","duration":1.0349130000000741,"failureMessages":[],"meta":{},"tags":[]},{"ancestorTitles":["installing the package"],"fullName":"installing the package runs its own binaries with no developer tooling on PATH","status":"passed","title":"runs its own binaries with no developer tooling on PATH","duration":7.822006999999985,"failureMessages":[],"meta":{},"tags":[]},{"ancestorTitles":["installing the package"],"fullName":"installing the package ships the built-in definitions the desktop reads at runtime","status":"passed","title":"ships the built-in definitions the desktop reads at runtime","duration":0.285951999999952,"failureMessages":[],"meta":{},"tags":[]},{"ancestorTitles":["installing the package"],"fullName":"installing the package registers a desktop entry the shell can match to the running window","status":"passed","title":"registers a desktop entry the shell can match to the running window","duration":0.2967180000000553,"failureMessages":[],"meta":{},"tags":[]},{"ancestorTitles":["the installed worker's lifecycle"],"fullName":"the installed worker's lifecycle starts under the user manager from its installed path","status":"passed","title":"starts under the user manager from its installed path","duration":685.7241849999999,"failureMessages":[],"meta":{},"tags":[]},{"ancestorTitles":["the installed worker's lifecycle"],"fullName":"the installed worker's lifecycle spawns the daemon and the server as its own children","status":"passed","title":"spawns the daemon and the server as its own children","duration":13.11238400000002,"failureMessages":[],"meta":{},"tags":[]},{"ancestorTitles":["the installed worker's lifecycle"],"fullName":"the installed worker's lifecycle runs a real agent task through the installed binaries","status":"passed","title":"runs a real agent task through the installed binaries","duration":333.3562270000002,"failureMessages":[],"meta":{},"tags":[]},{"ancestorTitles":["the installed worker's lifecycle"],"fullName":"the installed worker's lifecycle installs no unit and enables no linger of its own accord","status":"passed","title":"installs no unit and enables no linger of its own accord","duration":5.501684999999952,"failureMessages":[],"meta":{},"tags":[]},{"ancestorTitles":["removal"],"fullName":"removal removes the package's own files and nothing else","status":"passed","title":"removes the package's own files and nothing else","duration":1848.6200890000002,"failureMessages":[],"meta":{},"tags":[]}],"startTime":1789469232989,"endTime":1789469236224.62,"status":"passed","message":"","name":"/home/runner/work/kanna/kanna/tests/linux-installed/src/installed.e2e.test.ts"},{"assertionResults":[{"ancestorTitles":["an installed upgrade with a live agent session"],"fullName":"an installed upgrade with a live agent session installs version A and runs a task in it","status":"passed","title":"installs version A and runs a task in it","duration":13743.137024,"failureMessages":[],"meta":{},"tags":[]},{"ancestorTitles":["an installed upgrade with a live agent session"],"fullName":"an installed upgrade with a live agent session installs version B underneath the live session without disturbing it","status":"passed","title":"installs version B underneath the live session without disturbing it","duration":2886.4658770000005,"failureMessages":[],"meta":{},"tags":[]},{"ancestorTitles":["an installed upgrade with a live agent session"],"fullName":"an installed upgrade with a live agent session survives the operator's unit restart with the same agent process","status":"passed","title":"survives the operator's unit restart with the same agent process","duration":10930.945333,"failureMessages":[],"meta":{},"tags":[]},{"ancestorTitles":["an installed upgrade with a live agent session"],"fullName":"an installed upgrade with a live agent session hands the live PTY to a successor daemon generation","status":"passed","title":"hands the live PTY to a successor daemon generation","duration":48.955980000002455,"failureMessages":[],"meta":{},"tags":[]},{"ancestorTitles":["an installed upgrade with a live agent session"],"fullName":"an installed upgrade with a live agent session delivers input after the upgrade, whole, once, and durably","status":"passed","title":"delivers input after the upgrade, whole, once, and durably","duration":1062.6698719999986,"failureMessages":[],"meta":{},"tags":[]},{"ancestorTitles":["an installed upgrade with a live agent session"],"fullName":"an installed upgrade with a live agent session records completion on the upgraded runtime","status":"passed","title":"records completion on the upgraded runtime","duration":103.75937700000213,"failureMessages":[],"meta":{},"tags":[]}],"startTime":1789469203824,"endTime":1789469232599.7593,"status":"passed","message":"","name":"/home/runner/work/kanna/kanna/tests/linux-installed/src/upgrade.e2e.test.ts"}]}